<?xml version="1.0" encoding="UTF-8"?>
<testsuite xmlns:xsi="http://www.w3.org/2001/XMLSchema-instance" xsi:noNamespaceSchemaLocation="https://maven.apache.org/surefire/maven-surefire-plugin/xsd/surefire-test-report-3.0.xsd" version="3.0" name="TestSuite" time="52.452" tests="3" errors="0" skipped="0" failures="0">
  <properties>
    <property name="java.specification.version" value="18"/>
    <property name="sun.cpu.isalist" value="amd64"/>
    <property name="sun.jnu.encoding" value="Cp1252"/>
    <property name="java.class.path" value="D:\eclipse_workspaces\AutomationWorkspace\KayakAutomationUsingBDD\target\test-classes;D:\eclipse_workspaces\AutomationWorkspace\KayakAutomationUsingBDD\target\classes;C:\Users\gayat\.m2\repository\io\cucumber\cucumber-gherkin\7.11.1\cucumber-gherkin-7.11.1.jar;C:\Users\gayat\.m2\repository\io\cucumber\cucumber-plugin\7.11.1\cucumber-plugin-7.11.1.jar;C:\Users\gayat\.m2\repository\io\cucumber\cucumber-core\7.11.1\cucumber-core-7.11.1.jar;C:\Users\gayat\.m2\repository\io\cucumber\cucumber-gherkin-messages\7.11.1\cucumber-gherkin-messages-7.11.1.jar;C:\Users\gayat\.m2\repository\io\cucumber\gherkin\26.0.3\gherkin-26.0.3.jar;C:\Users\gayat\.m2\repository\io\cucumber\messages\21.0.1\messages-21.0.1.jar;C:\Users\gayat\.m2\repository\io\cucumber\tag-expressions\5.0.1\tag-expressions-5.0.1.jar;C:\Users\gayat\.m2\repository\io\cucumber\cucumber-expressions\16.1.2\cucumber-expressions-16.1.2.jar;C:\Users\gayat\.m2\repository\io\cucumber\datatable\7.11.1\datatable-7.11.1.jar;C:\Users\gayat\.m2\repository\io\cucumber\docstring\7.11.1\docstring-7.11.1.jar;C:\Users\gayat\.m2\repository\io\cucumber\html-formatter\20.2.1\html-formatter-20.2.1.jar;C:\Users\gayat\.m2\repository\io\cucumber\junit-xml-formatter\0.1.0\junit-xml-formatter-0.1.0.jar;C:\Users\gayat\.m2\repository\io\cucumber\ci-environment\9.1.0\ci-environment-9.1.0.jar;C:\Users\gayat\.m2\repository\org\apiguardian\apiguardian-api\1.1.2\apiguardian-api-1.1.2.jar;C:\Users\gayat\.m2\repository\io\cucumber\cucumber-java\7.11.1\cucumber-java-7.11.1.jar;C:\Users\gayat\.m2\repository\com\vimalselvam\cucumber-extentsreport\3.1.1\cucumber-extentsreport-3.1.1.jar;C:\Users\gayat\.m2\repository\io\cucumber\cucumber-testng\7.9.0\cucumber-testng-7.9.0.jar;C:\Users\gayat\.m2\repository\org\testng\testng\7.6.1\testng-7.6.1.jar;C:\Users\gayat\.m2\repository\com\google\code\findbugs\jsr305\3.0.2\jsr305-3.0.2.jar;C:\Users\gayat\.m2\repository\org\slf4j\slf4j-api\1.7.36\slf4j-api-1.7.36.jar;C:\Users\gayat\.m2\repository\com\beust\jcommander\1.82\jcommander-1.82.jar;C:\Users\gayat\.m2\repository\org\webjars\jquery\3.6.0\jquery-3.6.0.jar;C:\Users\gayat\.m2\repository\commons-io\commons-io\2.11.0\commons-io-2.11.0.jar;C:\Users\gayat\.m2\repository\org\seleniumhq\selenium\selenium-java\4.7.2\selenium-java-4.7.2.jar;C:\Users\gayat\.m2\repository\org\seleniumhq\selenium\selenium-api\4.7.2\selenium-api-4.7.2.jar;C:\Users\gayat\.m2\repository\org\seleniumhq\selenium\selenium-chrome-driver\4.7.2\selenium-chrome-driver-4.7.2.jar;C:\Users\gayat\.m2\repository\com\google\auto\service\auto-service-annotations\1.0.1\auto-service-annotations-1.0.1.jar;C:\Users\gayat\.m2\repository\com\google\auto\service\auto-service\1.0.1\auto-service-1.0.1.jar;C:\Users\gayat\.m2\repository\com\google\auto\auto-common\1.2\auto-common-1.2.jar;C:\Users\gayat\.m2\repository\com\google\guava\guava\31.1-jre\guava-31.1-jre.jar;C:\Users\gayat\.m2\repository\com\google\guava\failureaccess\1.0.1\failureaccess-1.0.1.jar;C:\Users\gayat\.m2\repository\com\google\guava\listenablefuture\9999.0-empty-to-avoid-conflict-with-guava\listenablefuture-9999.0-empty-to-avoid-conflict-with-guava.jar;C:\Users\gayat\.m2\repository\org\checkerframework\checker-qual\3.12.0\checker-qual-3.12.0.jar;C:\Users\gayat\.m2\repository\com\google\errorprone\error_prone_annotations\2.11.0\error_prone_annotations-2.11.0.jar;C:\Users\gayat\.m2\repository\com\google\j2objc\j2objc-annotations\1.3\j2objc-annotations-1.3.jar;C:\Users\gayat\.m2\repository\org\seleniumhq\selenium\selenium-chromium-driver\4.7.2\selenium-chromium-driver-4.7.2.jar;C:\Users\gayat\.m2\repository\org\seleniumhq\selenium\selenium-json\4.7.2\selenium-json-4.7.2.jar;C:\Users\gayat\.m2\repository\org\seleniumhq\selenium\selenium-devtools-v106\4.7.2\selenium-devtools-v106-4.7.2.jar;C:\Users\gayat\.m2\repository\org\seleniumhq\selenium\selenium-devtools-v107\4.7.2\selenium-devtools-v107-4.7.2.jar;C:\Users\gayat\.m2\repository\org\seleniumhq\selenium\selenium-devtools-v108\4.7.2\selenium-devtools-v108-4.7.2.jar;C:\Users\gayat\.m2\repository\org\seleniumhq\selenium\selenium-devtools-v85\4.7.2\selenium-devtools-v85-4.7.2.jar;C:\Users\gayat\.m2\repository\org\seleniumhq\selenium\selenium-edge-driver\4.7.2\selenium-edge-driver-4.7.2.jar;C:\Users\gayat\.m2\repository\org\seleniumhq\selenium\selenium-firefox-driver\4.7.2\selenium-firefox-driver-4.7.2.jar;C:\Users\gayat\.m2\repository\org\seleniumhq\selenium\selenium-http\4.7.2\selenium-http-4.7.2.jar;C:\Users\gayat\.m2\repository\dev\failsafe\failsafe\3.3.0\failsafe-3.3.0.jar;C:\Users\gayat\.m2\repository\org\seleniumhq\selenium\selenium-ie-driver\4.7.2\selenium-ie-driver-4.7.2.jar;C:\Users\gayat\.m2\repository\org\seleniumhq\selenium\selenium-remote-driver\4.7.2\selenium-remote-driver-4.7.2.jar;C:\Users\gayat\.m2\repository\io\netty\netty-buffer\4.1.84.Final\netty-buffer-4.1.84.Final.jar;C:\Users\gayat\.m2\repository\io\netty\netty-codec-http\4.1.84.Final\netty-codec-http-4.1.84.Final.jar;C:\Users\gayat\.m2\repository\io\netty\netty-codec\4.1.84.Final\netty-codec-4.1.84.Final.jar;C:\Users\gayat\.m2\repository\io\netty\netty-handler\4.1.84.Final\netty-handler-4.1.84.Final.jar;C:\Users\gayat\.m2\repository\io\netty\netty-common\4.1.84.Final\netty-common-4.1.84.Final.jar;C:\Users\gayat\.m2\repository\io\netty\netty-transport-classes-epoll\4.1.84.Final\netty-transport-classes-epoll-4.1.84.Final.jar;C:\Users\gayat\.m2\repository\io\netty\netty-transport-classes-kqueue\4.1.84.Final\netty-transport-classes-kqueue-4.1.84.Final.jar;C:\Users\gayat\.m2\repository\io\netty\netty-transport-native-epoll\4.1.84.Final\netty-transport-native-epoll-4.1.84.Final.jar;C:\Users\gayat\.m2\repository\io\netty\netty-transport-native-kqueue\4.1.84.Final\netty-transport-native-kqueue-4.1.84.Final.jar;C:\Users\gayat\.m2\repository\io\netty\netty-transport-native-unix-common\4.1.84.Final\netty-transport-native-unix-common-4.1.84.Final.jar;C:\Users\gayat\.m2\repository\io\netty\netty-transport\4.1.84.Final\netty-transport-4.1.84.Final.jar;C:\Users\gayat\.m2\repository\io\netty\netty-resolver\4.1.84.Final\netty-resolver-4.1.84.Final.jar;C:\Users\gayat\.m2\repository\io\opentelemetry\opentelemetry-api\1.19.0\opentelemetry-api-1.19.0.jar;C:\Users\gayat\.m2\repository\io\opentelemetry\opentelemetry-context\1.19.0\opentelemetry-context-1.19.0.jar;C:\Users\gayat\.m2\repository\io\opentelemetry\opentelemetry-exporter-logging\1.19.0\opentelemetry-exporter-logging-1.19.0.jar;C:\Users\gayat\.m2\repository\io\opentelemetry\opentelemetry-sdk-metrics\1.19.0\opentelemetry-sdk-metrics-1.19.0.jar;C:\Users\gayat\.m2\repository\io\opentelemetry\opentelemetry-sdk-logs\1.19.0-alpha\opentelemetry-sdk-logs-1.19.0-alpha.jar;C:\Users\gayat\.m2\repository\io\opentelemetry\opentelemetry-api-logs\1.19.0-alpha\opentelemetry-api-logs-1.19.0-alpha.jar;C:\Users\gayat\.m2\repository\io\opentelemetry\opentelemetry-sdk-common\1.19.0\opentelemetry-sdk-common-1.19.0.jar;C:\Users\gayat\.m2\repository\io\opentelemetry\opentelemetry-sdk-extension-autoconfigure-spi\1.19.0\opentelemetry-sdk-extension-autoconfigure-spi-1.19.0.jar;C:\Users\gayat\.m2\repository\io\opentelemetry\opentelemetry-sdk-extension-autoconfigure\1.19.0-alpha\opentelemetry-sdk-extension-autoconfigure-1.19.0-alpha.jar;C:\Users\gayat\.m2\repository\io\opentelemetry\opentelemetry-exporter-common\1.19.0\opentelemetry-exporter-common-1.19.0.jar;C:\Users\gayat\.m2\repository\io\opentelemetry\opentelemetry-sdk-trace\1.19.0\opentelemetry-sdk-trace-1.19.0.jar;C:\Users\gayat\.m2\repository\io\opentelemetry\opentelemetry-sdk\1.19.0\opentelemetry-sdk-1.19.0.jar;C:\Users\gayat\.m2\repository\io\opentelemetry\opentelemetry-semconv\1.19.0-alpha\opentelemetry-semconv-1.19.0-alpha.jar;C:\Users\gayat\.m2\repository\io\ous\jtoml\2.0.0\jtoml-2.0.0.jar;C:\Users\gayat\.m2\repository\net\bytebuddy\byte-buddy\1.12.18\byte-buddy-1.12.18.jar;C:\Users\gayat\.m2\repository\org\apache\commons\commons-exec\1.3\commons-exec-1.3.jar;C:\Users\gayat\.m2\repository\org\asynchttpclient\async-http-client\2.12.3\async-http-client-2.12.3.jar;C:\Users\gayat\.m2\repository\org\asynchttpclient\async-http-client-netty-utils\2.12.3\async-http-client-netty-utils-2.12.3.jar;C:\Users\gayat\.m2\repository\io\netty\netty-codec-socks\4.1.60.Final\netty-codec-socks-4.1.60.Final.jar;C:\Users\gayat\.m2\repository\io\netty\netty-handler-proxy\4.1.60.Final\netty-handler-proxy-4.1.60.Final.jar;C:\Users\gayat\.m2\repository\io\netty\netty-transport-native-epoll\4.1.60.Final\netty-transport-native-epoll-4.1.60.Final-linux-x86_64.jar;C:\Users\gayat\.m2\repository\io\netty\netty-transport-native-kqueue\4.1.60.Final\netty-transport-native-kqueue-4.1.60.Final-osx-x86_64.jar;C:\Users\gayat\.m2\repository\com\typesafe\netty\netty-reactive-streams\2.0.4\netty-reactive-streams-2.0.4.jar;C:\Users\gayat\.m2\repository\com\sun\activation\jakarta.activation\1.2.2\jakarta.activation-1.2.2.jar;C:\Users\gayat\.m2\repository\org\seleniumhq\selenium\selenium-manager\4.7.2\selenium-manager-4.7.2.jar;C:\Users\gayat\.m2\repository\org\seleniumhq\selenium\selenium-safari-driver\4.7.2\selenium-safari-driver-4.7.2.jar;C:\Users\gayat\.m2\repository\org\seleniumhq\selenium\selenium-support\4.7.2\selenium-support-4.7.2.jar;C:\Users\gayat\.m2\repository\com\aventstack\extentreports\5.0.9\extentreports-5.0.9.jar;C:\Users\gayat\.m2\repository\io\reactivex\rxjava3\rxjava\3.0.4\rxjava-3.0.4.jar;C:\Users\gayat\.m2\repository\org\reactivestreams\reactive-streams\1.0.3\reactive-streams-1.0.3.jar;C:\Users\gayat\.m2\repository\org\freemarker\freemarker\2.3.30\freemarker-2.3.30.jar;C:\Users\gayat\.m2\repository\org\projectlombok\lombok\1.18.12\lombok-1.18.12.jar;C:\Users\gayat\.m2\repository\com\google\code\gson\gson\2.8.6\gson-2.8.6.jar;C:\Users\gayat\.m2\repository\tech\grasshopper\extentreports-cucumber7-adapter\1.9.2\extentreports-cucumber7-adapter-1.9.2.jar;C:\Users\gayat\.m2\repository\tech\grasshopper\extent-pdf-report\2.9.1\extent-pdf-report-2.9.1.jar;C:\Users\gayat\.m2\repository\tech\grasshopper\cucumber-pdf-report\2.11.1\cucumber-pdf-report-2.11.1.jar;C:\Users\gayat\.m2\repository\org\apache\pdfbox\pdfbox\2.0.26\pdfbox-2.0.26.jar;C:\Users\gayat\.m2\repository\org\apache\pdfbox\fontbox\2.0.26\fontbox-2.0.26.jar;C:\Users\gayat\.m2\repository\org\knowm\xchart\xchart\3.8.0\xchart-3.8.0.jar;C:\Users\gayat\.m2\repository\de\erichseifert\vectorgraphics2d\VectorGraphics2D\0.13\VectorGraphics2D-0.13.jar;C:\Users\gayat\.m2\repository\de\rototor\pdfbox\graphics2d\0.30\graphics2d-0.30.jar;C:\Users\gayat\.m2\repository\com\madgag\animated-gif-lib\1.4\animated-gif-lib-1.4.jar;C:\Users\gayat\.m2\repository\org\yaml\snakeyaml\1.28\snakeyaml-1.28.jar;C:\Users\gayat\.m2\repository\tech\grasshopper\table-layout\1.5.1\table-layout-1.5.1.jar;C:\Users\gayat\.m2\repository\tech\grasshopper\rest-assured-cucumber-pdf-report\1.4.1\rest-assured-cucumber-pdf-report-1.4.1.jar;C:\Users\gayat\.m2\repository\org\jsoup\jsoup\1.15.3\jsoup-1.15.3.jar;C:\Users\gayat\.m2\repository\com\aventstack\klov-reporter\5.0.9\klov-reporter-5.0.9.jar;C:\Users\gayat\.m2\repository\org\mongodb\mongodb-driver\3.6.4\mongodb-driver-3.6.4.jar;C:\Users\gayat\.m2\repository\org\mongodb\mongodb-driver-core\3.6.4\mongodb-driver-core-3.6.4.jar;C:\Users\gayat\.m2\repository\org\mongodb\bson\3.6.4\bson-3.6.4.jar;C:\Users\gayat\.m2\repository\org\apache\httpcomponents\httpclient\4.5.13\httpclient-4.5.13.jar;C:\Users\gayat\.m2\repository\org\apache\httpcomponents\httpcore\4.4.13\httpcore-4.4.13.jar;C:\Users\gayat\.m2\repository\commons-logging\commons-logging\1.2\commons-logging-1.2.jar;C:\Users\gayat\.m2\repository\commons-codec\commons-codec\1.11\commons-codec-1.11.jar;C:\Users\gayat\.m2\repository\org\apache\httpcomponents\httpmime\4.5.13\httpmime-4.5.13.jar;C:\Users\gayat\.m2\repository\tech\grasshopper\htmlextentreporter\1.0.1\htmlextentreporter-1.0.1.jar;"/>
    <property name="java.vm.vendor" value="Oracle Corporation"/>
    <property name="sun.arch.data.model" value="64"/>
    <property name="user.variant" value=""/>
    <property name="java.vendor.url" value="https://java.oracle.com/"/>
    <property name="user.timezone" value="America/Los_Angeles"/>
    <property name="os.name" value="Windows 11"/>
    <property name="java.vm.specification.version" value="18"/>
    <property name="sun.java.launcher" value="SUN_STANDARD"/>
    <property name="user.country" value="US"/>
    <property name="sun.boot.library.path" value="C:\Program Files\Java\jdk-18.0.2\bin"/>
    <property name="sun.java.command" value="C:\Users\gayat\AppData\Local\Temp\surefire13641589289977461709\surefirebooter-20230225004209562_3.jar C:\Users\gayat\AppData\Local\Temp\surefire13641589289977461709 2023-02-25T00-42-09_165-jvmRun1 surefire-20230225004209562_1tmp surefire_0-20230225004209562_2tmp"/>
    <property name="jdk.debug" value="release"/>
    <property name="surefire.test.class.path" value="D:\eclipse_workspaces\AutomationWorkspace\KayakAutomationUsingBDD\target\test-classes;D:\eclipse_workspaces\AutomationWorkspace\KayakAutomationUsingBDD\target\classes;C:\Users\gayat\.m2\repository\io\cucumber\cucumber-gherkin\7.11.1\cucumber-gherkin-7.11.1.jar;C:\Users\gayat\.m2\repository\io\cucumber\cucumber-plugin\7.11.1\cucumber-plugin-7.11.1.jar;C:\Users\gayat\.m2\repository\io\cucumber\cucumber-core\7.11.1\cucumber-core-7.11.1.jar;C:\Users\gayat\.m2\repository\io\cucumber\cucumber-gherkin-messages\7.11.1\cucumber-gherkin-messages-7.11.1.jar;C:\Users\gayat\.m2\repository\io\cucumber\gherkin\26.0.3\gherkin-26.0.3.jar;C:\Users\gayat\.m2\repository\io\cucumber\messages\21.0.1\messages-21.0.1.jar;C:\Users\gayat\.m2\repository\io\cucumber\tag-expressions\5.0.1\tag-expressions-5.0.1.jar;C:\Users\gayat\.m2\repository\io\cucumber\cucumber-expressions\16.1.2\cucumber-expressions-16.1.2.jar;C:\Users\gayat\.m2\repository\io\cucumber\datatable\7.11.1\datatable-7.11.1.jar;C:\Users\gayat\.m2\repository\io\cucumber\docstring\7.11.1\docstring-7.11.1.jar;C:\Users\gayat\.m2\repository\io\cucumber\html-formatter\20.2.1\html-formatter-20.2.1.jar;C:\Users\gayat\.m2\repository\io\cucumber\junit-xml-formatter\0.1.0\junit-xml-formatter-0.1.0.jar;C:\Users\gayat\.m2\repository\io\cucumber\ci-environment\9.1.0\ci-environment-9.1.0.jar;C:\Users\gayat\.m2\repository\org\apiguardian\apiguardian-api\1.1.2\apiguardian-api-1.1.2.jar;C:\Users\gayat\.m2\repository\io\cucumber\cucumber-java\7.11.1\cucumber-java-7.11.1.jar;C:\Users\gayat\.m2\repository\com\vimalselvam\cucumber-extentsreport\3.1.1\cucumber-extentsreport-3.1.1.jar;C:\Users\gayat\.m2\repository\io\cucumber\cucumber-testng\7.9.0\cucumber-testng-7.9.0.jar;C:\Users\gayat\.m2\repository\org\testng\testng\7.6.1\testng-7.6.1.jar;C:\Users\gayat\.m2\repository\com\google\code\findbugs\jsr305\3.0.2\jsr305-3.0.2.jar;C:\Users\gayat\.m2\repository\org\slf4j\slf4j-api\1.7.36\slf4j-api-1.7.36.jar;C:\Users\gayat\.m2\repository\com\beust\jcommander\1.82\jcommander-1.82.jar;C:\Users\gayat\.m2\repository\org\webjars\jquery\3.6.0\jquery-3.6.0.jar;C:\Users\gayat\.m2\repository\commons-io\commons-io\2.11.0\commons-io-2.11.0.jar;C:\Users\gayat\.m2\repository\org\seleniumhq\selenium\selenium-java\4.7.2\selenium-java-4.7.2.jar;C:\Users\gayat\.m2\repository\org\seleniumhq\selenium\selenium-api\4.7.2\selenium-api-4.7.2.jar;C:\Users\gayat\.m2\repository\org\seleniumhq\selenium\selenium-chrome-driver\4.7.2\selenium-chrome-driver-4.7.2.jar;C:\Users\gayat\.m2\repository\com\google\auto\service\auto-service-annotations\1.0.1\auto-service-annotations-1.0.1.jar;C:\Users\gayat\.m2\repository\com\google\auto\service\auto-service\1.0.1\auto-service-1.0.1.jar;C:\Users\gayat\.m2\repository\com\google\auto\auto-common\1.2\auto-common-1.2.jar;C:\Users\gayat\.m2\repository\com\google\guava\guava\31.1-jre\guava-31.1-jre.jar;C:\Users\gayat\.m2\repository\com\google\guava\failureaccess\1.0.1\failureaccess-1.0.1.jar;C:\Users\gayat\.m2\repository\com\google\guava\listenablefuture\9999.0-empty-to-avoid-conflict-with-guava\listenablefuture-9999.0-empty-to-avoid-conflict-with-guava.jar;C:\Users\gayat\.m2\repository\org\checkerframework\checker-qual\3.12.0\checker-qual-3.12.0.jar;C:\Users\gayat\.m2\repository\com\google\errorprone\error_prone_annotations\2.11.0\error_prone_annotations-2.11.0.jar;C:\Users\gayat\.m2\repository\com\google\j2objc\j2objc-annotations\1.3\j2objc-annotations-1.3.jar;C:\Users\gayat\.m2\repository\org\seleniumhq\selenium\selenium-chromium-driver\4.7.2\selenium-chromium-driver-4.7.2.jar;C:\Users\gayat\.m2\repository\org\seleniumhq\selenium\selenium-json\4.7.2\selenium-json-4.7.2.jar;C:\Users\gayat\.m2\repository\org\seleniumhq\selenium\selenium-devtools-v106\4.7.2\selenium-devtools-v106-4.7.2.jar;C:\Users\gayat\.m2\repository\org\seleniumhq\selenium\selenium-devtools-v107\4.7.2\selenium-devtools-v107-4.7.2.jar;C:\Users\gayat\.m2\repository\org\seleniumhq\selenium\selenium-devtools-v108\4.7.2\selenium-devtools-v108-4.7.2.jar;C:\Users\gayat\.m2\repository\org\seleniumhq\selenium\selenium-devtools-v85\4.7.2\selenium-devtools-v85-4.7.2.jar;C:\Users\gayat\.m2\repository\org\seleniumhq\selenium\selenium-edge-driver\4.7.2\selenium-edge-driver-4.7.2.jar;C:\Users\gayat\.m2\repository\org\seleniumhq\selenium\selenium-firefox-driver\4.7.2\selenium-firefox-driver-4.7.2.jar;C:\Users\gayat\.m2\repository\org\seleniumhq\selenium\selenium-http\4.7.2\selenium-http-4.7.2.jar;C:\Users\gayat\.m2\repository\dev\failsafe\failsafe\3.3.0\failsafe-3.3.0.jar;C:\Users\gayat\.m2\repository\org\seleniumhq\selenium\selenium-ie-driver\4.7.2\selenium-ie-driver-4.7.2.jar;C:\Users\gayat\.m2\repository\org\seleniumhq\selenium\selenium-remote-driver\4.7.2\selenium-remote-driver-4.7.2.jar;C:\Users\gayat\.m2\repository\io\netty\netty-buffer\4.1.84.Final\netty-buffer-4.1.84.Final.jar;C:\Users\gayat\.m2\repository\io\netty\netty-codec-http\4.1.84.Final\netty-codec-http-4.1.84.Final.jar;C:\Users\gayat\.m2\repository\io\netty\netty-codec\4.1.84.Final\netty-codec-4.1.84.Final.jar;C:\Users\gayat\.m2\repository\io\netty\netty-handler\4.1.84.Final\netty-handler-4.1.84.Final.jar;C:\Users\gayat\.m2\repository\io\netty\netty-common\4.1.84.Final\netty-common-4.1.84.Final.jar;C:\Users\gayat\.m2\repository\io\netty\netty-transport-classes-epoll\4.1.84.Final\netty-transport-classes-epoll-4.1.84.Final.jar;C:\Users\gayat\.m2\repository\io\netty\netty-transport-classes-kqueue\4.1.84.Final\netty-transport-classes-kqueue-4.1.84.Final.jar;C:\Users\gayat\.m2\repository\io\netty\netty-transport-native-epoll\4.1.84.Final\netty-transport-native-epoll-4.1.84.Final.jar;C:\Users\gayat\.m2\repository\io\netty\netty-transport-native-kqueue\4.1.84.Final\netty-transport-native-kqueue-4.1.84.Final.jar;C:\Users\gayat\.m2\repository\io\netty\netty-transport-native-unix-common\4.1.84.Final\netty-transport-native-unix-common-4.1.84.Final.jar;C:\Users\gayat\.m2\repository\io\netty\netty-transport\4.1.84.Final\netty-transport-4.1.84.Final.jar;C:\Users\gayat\.m2\repository\io\netty\netty-resolver\4.1.84.Final\netty-resolver-4.1.84.Final.jar;C:\Users\gayat\.m2\repository\io\opentelemetry\opentelemetry-api\1.19.0\opentelemetry-api-1.19.0.jar;C:\Users\gayat\.m2\repository\io\opentelemetry\opentelemetry-context\1.19.0\opentelemetry-context-1.19.0.jar;C:\Users\gayat\.m2\repository\io\opentelemetry\opentelemetry-exporter-logging\1.19.0\opentelemetry-exporter-logging-1.19.0.jar;C:\Users\gayat\.m2\repository\io\opentelemetry\opentelemetry-sdk-metrics\1.19.0\opentelemetry-sdk-metrics-1.19.0.jar;C:\Users\gayat\.m2\repository\io\opentelemetry\opentelemetry-sdk-logs\1.19.0-alpha\opentelemetry-sdk-logs-1.19.0-alpha.jar;C:\Users\gayat\.m2\repository\io\opentelemetry\opentelemetry-api-logs\1.19.0-alpha\opentelemetry-api-logs-1.19.0-alpha.jar;C:\Users\gayat\.m2\repository\io\opentelemetry\opentelemetry-sdk-common\1.19.0\opentelemetry-sdk-common-1.19.0.jar;C:\Users\gayat\.m2\repository\io\opentelemetry\opentelemetry-sdk-extension-autoconfigure-spi\1.19.0\opentelemetry-sdk-extension-autoconfigure-spi-1.19.0.jar;C:\Users\gayat\.m2\repository\io\opentelemetry\opentelemetry-sdk-extension-autoconfigure\1.19.0-alpha\opentelemetry-sdk-extension-autoconfigure-1.19.0-alpha.jar;C:\Users\gayat\.m2\repository\io\opentelemetry\opentelemetry-exporter-common\1.19.0\opentelemetry-exporter-common-1.19.0.jar;C:\Users\gayat\.m2\repository\io\opentelemetry\opentelemetry-sdk-trace\1.19.0\opentelemetry-sdk-trace-1.19.0.jar;C:\Users\gayat\.m2\repository\io\opentelemetry\opentelemetry-sdk\1.19.0\opentelemetry-sdk-1.19.0.jar;C:\Users\gayat\.m2\repository\io\opentelemetry\opentelemetry-semconv\1.19.0-alpha\opentelemetry-semconv-1.19.0-alpha.jar;C:\Users\gayat\.m2\repository\io\ous\jtoml\2.0.0\jtoml-2.0.0.jar;C:\Users\gayat\.m2\repository\net\bytebuddy\byte-buddy\1.12.18\byte-buddy-1.12.18.jar;C:\Users\gayat\.m2\repository\org\apache\commons\commons-exec\1.3\commons-exec-1.3.jar;C:\Users\gayat\.m2\repository\org\asynchttpclient\async-http-client\2.12.3\async-http-client-2.12.3.jar;C:\Users\gayat\.m2\repository\org\asynchttpclient\async-http-client-netty-utils\2.12.3\async-http-client-netty-utils-2.12.3.jar;C:\Users\gayat\.m2\repository\io\netty\netty-codec-socks\4.1.60.Final\netty-codec-socks-4.1.60.Final.jar;C:\Users\gayat\.m2\repository\io\netty\netty-handler-proxy\4.1.60.Final\netty-handler-proxy-4.1.60.Final.jar;C:\Users\gayat\.m2\repository\io\netty\netty-transport-native-epoll\4.1.60.Final\netty-transport-native-epoll-4.1.60.Final-linux-x86_64.jar;C:\Users\gayat\.m2\repository\io\netty\netty-transport-native-kqueue\4.1.60.Final\netty-transport-native-kqueue-4.1.60.Final-osx-x86_64.jar;C:\Users\gayat\.m2\repository\com\typesafe\netty\netty-reactive-streams\2.0.4\netty-reactive-streams-2.0.4.jar;C:\Users\gayat\.m2\repository\com\sun\activation\jakarta.activation\1.2.2\jakarta.activation-1.2.2.jar;C:\Users\gayat\.m2\repository\org\seleniumhq\selenium\selenium-manager\4.7.2\selenium-manager-4.7.2.jar;C:\Users\gayat\.m2\repository\org\seleniumhq\selenium\selenium-safari-driver\4.7.2\selenium-safari-driver-4.7.2.jar;C:\Users\gayat\.m2\repository\org\seleniumhq\selenium\selenium-support\4.7.2\selenium-support-4.7.2.jar;C:\Users\gayat\.m2\repository\com\aventstack\extentreports\5.0.9\extentreports-5.0.9.jar;C:\Users\gayat\.m2\repository\io\reactivex\rxjava3\rxjava\3.0.4\rxjava-3.0.4.jar;C:\Users\gayat\.m2\repository\org\reactivestreams\reactive-streams\1.0.3\reactive-streams-1.0.3.jar;C:\Users\gayat\.m2\repository\org\freemarker\freemarker\2.3.30\freemarker-2.3.30.jar;C:\Users\gayat\.m2\repository\org\projectlombok\lombok\1.18.12\lombok-1.18.12.jar;C:\Users\gayat\.m2\repository\com\google\code\gson\gson\2.8.6\gson-2.8.6.jar;C:\Users\gayat\.m2\repository\tech\grasshopper\extentreports-cucumber7-adapter\1.9.2\extentreports-cucumber7-adapter-1.9.2.jar;C:\Users\gayat\.m2\repository\tech\grasshopper\extent-pdf-report\2.9.1\extent-pdf-report-2.9.1.jar;C:\Users\gayat\.m2\repository\tech\grasshopper\cucumber-pdf-report\2.11.1\cucumber-pdf-report-2.11.1.jar;C:\Users\gayat\.m2\repository\org\apache\pdfbox\pdfbox\2.0.26\pdfbox-2.0.26.jar;C:\Users\gayat\.m2\repository\org\apache\pdfbox\fontbox\2.0.26\fontbox-2.0.26.jar;C:\Users\gayat\.m2\repository\org\knowm\xchart\xchart\3.8.0\xchart-3.8.0.jar;C:\Users\gayat\.m2\repository\de\erichseifert\vectorgraphics2d\VectorGraphics2D\0.13\VectorGraphics2D-0.13.jar;C:\Users\gayat\.m2\repository\de\rototor\pdfbox\graphics2d\0.30\graphics2d-0.30.jar;C:\Users\gayat\.m2\repository\com\madgag\animated-gif-lib\1.4\animated-gif-lib-1.4.jar;C:\Users\gayat\.m2\repository\org\yaml\snakeyaml\1.28\snakeyaml-1.28.jar;C:\Users\gayat\.m2\repository\tech\grasshopper\table-layout\1.5.1\table-layout-1.5.1.jar;C:\Users\gayat\.m2\repository\tech\grasshopper\rest-assured-cucumber-pdf-report\1.4.1\rest-assured-cucumber-pdf-report-1.4.1.jar;C:\Users\gayat\.m2\repository\org\jsoup\jsoup\1.15.3\jsoup-1.15.3.jar;C:\Users\gayat\.m2\repository\com\aventstack\klov-reporter\5.0.9\klov-reporter-5.0.9.jar;C:\Users\gayat\.m2\repository\org\mongodb\mongodb-driver\3.6.4\mongodb-driver-3.6.4.jar;C:\Users\gayat\.m2\repository\org\mongodb\mongodb-driver-core\3.6.4\mongodb-driver-core-3.6.4.jar;C:\Users\gayat\.m2\repository\org\mongodb\bson\3.6.4\bson-3.6.4.jar;C:\Users\gayat\.m2\repository\org\apache\httpcomponents\httpclient\4.5.13\httpclient-4.5.13.jar;C:\Users\gayat\.m2\repository\org\apache\httpcomponents\httpcore\4.4.13\httpcore-4.4.13.jar;C:\Users\gayat\.m2\repository\commons-logging\commons-logging\1.2\commons-logging-1.2.jar;C:\Users\gayat\.m2\repository\commons-codec\commons-codec\1.11\commons-codec-1.11.jar;C:\Users\gayat\.m2\repository\org\apache\httpcomponents\httpmime\4.5.13\httpmime-4.5.13.jar;C:\Users\gayat\.m2\repository\tech\grasshopper\htmlextentreporter\1.0.1\htmlextentreporter-1.0.1.jar;"/>
    <property name="sun.cpu.endian" value="little"/>
    <property name="user.home" value="C:\Users\gayat"/>
    <property name="user.language" value="en"/>
    <property name="java.specification.vendor" value="Oracle Corporation"/>
    <property name="java.version.date" value="2022-07-19"/>
    <property name="java.home" value="C:\Program Files\Java\jdk-18.0.2"/>
    <property name="file.separator" value="\"/>
    <property name="basedir" value="D:\eclipse_workspaces\AutomationWorkspace\KayakAutomationUsingBDD"/>
    <property name="style.color" value="always"/>
    <property name="java.vm.compressedOopsMode" value="Zero based"/>
    <property name="line.separator" value="&#10;"/>
    <property name="java.vm.specification.vendor" value="Oracle Corporation"/>
    <property name="java.specification.name" value="Java Platform API Specification"/>
    <property name="surefire.real.class.path" value="C:\Users\gayat\AppData\Local\Temp\surefire13641589289977461709\surefirebooter-20230225004209562_3.jar"/>
    <property name="user.script" value=""/>
    <property name="sun.management.compiler" value="HotSpot 64-Bit Tiered Compilers"/>
    <property name="java.runtime.version" value="18.0.2+9-61"/>
    <property name="user.name" value="gayat"/>
    <property name="path.separator" value=";"/>
    <property name="os.version" value="10.0"/>
    <property name="java.runtime.name" value="Java(TM) SE Runtime Environment"/>
    <property name="file.encoding" value="UTF-8"/>
    <property name="java.vm.name" value="Java HotSpot(TM) 64-Bit Server VM"/>
    <property name="localRepository" value="C:\Users\gayat\.m2\repository"/>
    <property name="java.vendor.url.bug" value="https://bugreport.java.com/bugreport/"/>
    <property name="java.io.tmpdir" value="C:\Users\gayat\AppData\Local\Temp\"/>
    <property name="java.version" value="18.0.2"/>
    <property name="user.dir" value="D:\eclipse_workspaces\AutomationWorkspace\KayakAutomationUsingBDD"/>
    <property name="os.arch" value="amd64"/>
    <property name="java.vm.specification.name" value="Java Virtual Machine Specification"/>
    <property name="sun.os.patch.level" value=""/>
    <property name="native.encoding" value="Cp1252"/>
    <property name="java.library.path" value="C:\Program Files\Java\jdk-18.0.2\bin;C:\WINDOWS\Sun\Java\bin;C:\WINDOWS\system32;C:\WINDOWS;C:\Program Files\Common Files\Oracle\Java\javapath;C:\WINDOWS\system32;C:\WINDOWS;C:\WINDOWS\System32\Wbem;C:\WINDOWS\System32\WindowsPowerShell\v1.0\;C:\WINDOWS\System32\OpenSSH\;C:\Program Files\dotnet\;C:\Program Files\Apache Maven\apache-maven-3.8.6\bin;C:\Program Files\Java\jdk-17.0.4.1\bin;C:\Program Files\nodejs\;C:\Program Files\Git\cmd;C:\Program Files\gradle\gradle-7.5.1\bin;C:\ProgramData\chocolatey\bin;C:\Program Files\Docker\Docker\resources\bin;C:\Users\gayat\AppData\Local\Android\Sdk\tools;C:\Users\gayat\AppData\Local\Android\Sdk\platform-tools;C:\Users\gayat\AppData\Local\Android\Sdk\build-tools;C:\Program Files\Java\jdk-18.0.2\bin;C:\Program Files\allure-2.20.1\bin;C:\Program Files\MySQL\MySQL Shell 8.0\bin\;C:\Users\gayat\AppData\Local\Microsoft\WindowsApps;C:\Users\gayat\AppData\Roaming\npm;;."/>
    <property name="java.vm.info" value="mixed mode, sharing"/>
    <property name="java.vendor" value="Oracle Corporation"/>
    <property name="java.vm.version" value="18.0.2+9-61"/>
    <property name="sun.io.unicode.encoding" value="UnicodeLittle"/>
    <property name="java.class.version" value="62.0"/>
  </properties>
  <testcase name="runScenario[&quot;Search the flights&quot;, &quot;Automate Kayak Website&quot;](1)" classname="runner.TestRunner" time="13.084">
    <system-out><![CDATA[
Scenario Outline: Search the flights                                               &amp#27;[90m# Features/SearchFlight.feature:21&amp#27;[0m
  &amp#27;[32mGiven &amp#27;[0m&amp#27;[32mThe &amp#27;[0m&amp#27;[32m&amp#27;[1m"chrome"&amp#27;[0m&amp#27;[32m browser is open&amp#27;[0m                                               &amp#27;[90m# stepDefinitions.SearchFlightPageSteps.the_browser_is_open(java.lang.String)&amp#27;[0m
  &amp#27;[32mAnd &amp#27;[0m&amp#27;[32mUser enters website &amp#27;[0m&amp#27;[32m&amp#27;[1m"http://www.kayak.com"&amp#27;[0m                                   &amp#27;[90m# stepDefinitions.SearchFlightPageSteps.user_enters_website(java.lang.String)&amp#27;[0m
  &amp#27;[32mThen &amp#27;[0m&amp#27;[32mthe webpage should load&amp#27;[0m                                                     &amp#27;[90m# stepDefinitions.SearchFlightPageSteps.the_webpage_should_load()&amp#27;[0m
From>> Nearby airport not provided
  &amp#27;[32mWhen &amp#27;[0m&amp#27;[32mUser enters &amp#27;[0m&amp#27;[32m&amp#27;[1m"Vegas"&amp#27;[0m&amp#27;[32m and &amp#27;[0m&amp#27;[32m&amp#27;[1m"San Francisco"&amp#27;[0m&amp#27;[32m cities&amp#27;[0m                              &amp#27;[90m# stepDefinitions.SearchFlightPageSteps.user_enters_origin_and_destination_cities(java.lang.String,java.lang.String)&amp#27;[0m
2023-04 
  &amp#27;[32mAnd &amp#27;[0m&amp#27;[32mUser selects departure and return dates&amp#27;[0m                                      &amp#27;[90m# stepDefinitions.SearchFlightPageSteps.select_departure_and_return_dates(io.cucumber.datatable.DataTable)&amp#27;[0m
    | departure  | return     |
    | 2023-03-13 | 2023-04-15 |
compare chcekbox>>>>>> 1
javascriptUncheckBox() :false
  &amp#27;[32mThen &amp#27;[0m&amp#27;[32mClick Search&amp#27;[0m                                                                &amp#27;[90m# stepDefinitions.SearchFlightPageSteps.click_search()&amp#27;[0m
windows: CDwindow-0BA6F2612255C3C9A94F1EBD414DD874
closing the popup
Step DONE>> User selects a flight from the results!!
  &amp#27;[32mWhen &amp#27;[0m&amp#27;[32mUser selects a flight from the results&amp#27;[0m                                      &amp#27;[90m# stepDefinitions.SearchFlightPageSteps.user_selects_a_flight_from_the_results()&amp#27;[0m
from city Vegas
validate origin airport : Las Vegas Harry Reid Intl - LAS
Step DONE>> Validate Origin airport is  same as the one entered in the main screen
  &amp#27;[32mThen &amp#27;[0m&amp#27;[32mValidate Origin airport is  same as the one entered in the main screen&amp#27;[0m      &amp#27;[90m# stepDefinitions.SearchFlightPageSteps.validate_origin_airport_is_same_as_the_one_entered_in_the_main_screen()&amp#27;[0m
 toCity : San Francisco
validate destination airport : San Francisco - SFO
Step DONE>> Validate Destination airport is  same as the one entered in the main screen
  &amp#27;[32mThen &amp#27;[0m&amp#27;[32mValidate  Destination airport is same as the one entered in the main screen&amp#27;[0m &amp#27;[90m# stepDefinitions.SearchFlightPageSteps.validate_destination_airport_is_same_as_the_one_entered_in_the_main_screen()&amp#27;[0m
Departs: Mon, Mar 13
Before formatting From  :2023-03-13 Depart Date : Mon, Mar 13
dateFormat()Mon Mar 13 00:00:00 PDT 2023
after formatting From  :Mon Mar 13 00:00:00 PDT 2023 Depart Date : Mon Mar 13
Step DONE>> Validate departure date is  same as the one entered in the main screen
  &amp#27;[32mThen &amp#27;[0m&amp#27;[32mValidate departure date is same as the one entered in the main screen&amp#27;[0m       &amp#27;[90m# stepDefinitions.SearchFlightPageSteps.validate_departure_date_is_same_as_the_one_entered_in_the_main_screen()&amp#27;[0m
Arrives :Sat, Apr 15
Before formatting From  :2023-04-15 Depart Date : Sat, Apr 15
dateFormat()Sat Apr 15 00:00:00 PDT 2023
after formatting From  :Sat Apr 15 00:00:00 PDT 2023 Depart Date : Sat Apr 15
Step DONE>> Validate arrival date is  same as the one entered in the main screen
  &amp#27;[32mThen &amp#27;[0m&amp#27;[32mValidate arrival date is same as the one entered in the main screen&amp#27;[0m         &amp#27;[90m# stepDefinitions.SearchFlightPageSteps.validate_arrival_date_is_same_as_the_one_entered_in_the_main_screen()&amp#27;[0m
Connecting flights :2
 WebElemtn :Alaska Airlines 776
10:23 pm
Las Vegas Harry Reid Intl (LAS)
1h 35m
11:58 pm
San Francisco (SFO)
Saver
Boeing 737-900 (winglets) (Narrow-body jet)
 WebElemtn :Frontier 2078
10:39 pm
San Francisco (SFO)
1h 38m
12:17 am
Las Vegas Harry Reid Intl (LAS)
Arrives Sun, Apr 16
Economy
Airbus A320-100/200
Step DONE>> log all the flight details to the reports
  &amp#27;[32mThen &amp#27;[0m&amp#27;[32mlog all the flight details to the reports&amp#27;[0m                                   &amp#27;[90m# stepDefinitions.SearchFlightPageSteps.log_all_the_flight_details_to_the_reports()&amp#27;[0m
**************After SCenario ********

    Alaska Airlines 776


    10:23 pm


    Las Vegas Harry Reid Intl (LAS)


    1h 35m


    11:58 pm


    San Francisco (SFO)


    Saver


    Boeing 737-900 (winglets) (Narrow-body jet)


    ***********


    Frontier 2078


    10:39 pm


    San Francisco (SFO)


    1h 38m


    12:17 am


    Las Vegas Harry Reid Intl (LAS)


    Arrives Sun, Apr 16


    Economy


    Airbus A320-100/200


    ***********

]]></system-out>
    <system-err><![CDATA[SLF4J: Failed to load class "org.slf4j.impl.StaticLoggerBinder".
SLF4J: Defaulting to no-operation (NOP) logger implementation
SLF4J: See http://www.slf4j.org/codes.html#StaticLoggerBinder for further details.
Starting ChromeDriver 110.0.5481.77 (65ed616c6e8ee3fe0ad64fe83796c020644d42af-refs/branch-heads/5481@{#839}) on port 25730
Only local connections are allowed.
Please see https://chromedriver.chromium.org/security-considerations for suggestions on keeping ChromeDriver safe.
ChromeDriver was started successfully.
[1677314533.544][WARNING]: virtual void DevToolsClientImpl::AddListener(DevToolsEventListener *) subscribing a listener to the already connected DevToolsClient. Connection notification will not arrive.
Feb 25, 2023 12:42:13 AM org.openqa.selenium.devtools.CdpVersionFinder findNearestMatch
WARNING: Unable to find an exact match for CDP version 110, so returning the closest version found: 108
]]></system-err>
  </testcase>
  <testcase name="runScenario[&quot;Search the flights&quot;, &quot;Automate Kayak Website&quot;](2)" classname="runner.TestRunner" time="18.105">
    <system-out><![CDATA[
Scenario Outline: Search the flights                                               &amp#27;[90m# Features/SearchFlight.feature:22&amp#27;[0m
  &amp#27;[32mGiven &amp#27;[0m&amp#27;[32mThe &amp#27;[0m&amp#27;[32m&amp#27;[1m"chrome"&amp#27;[0m&amp#27;[32m browser is open&amp#27;[0m                                               &amp#27;[90m# stepDefinitions.SearchFlightPageSteps.the_browser_is_open(java.lang.String)&amp#27;[0m
  &amp#27;[32mAnd &amp#27;[0m&amp#27;[32mUser enters website &amp#27;[0m&amp#27;[32m&amp#27;[1m"http://www.kayak.com"&amp#27;[0m                                   &amp#27;[90m# stepDefinitions.SearchFlightPageSteps.user_enters_website(java.lang.String)&amp#27;[0m
  &amp#27;[32mThen &amp#27;[0m&amp#27;[32mthe webpage should load&amp#27;[0m                                                     &amp#27;[90m# stepDefinitions.SearchFlightPageSteps.the_webpage_should_load()&amp#27;[0m
From>> Nearby airport not provided
6 CBG
 *
 *
 *
matching airport found: CBG
  &amp#27;[32mWhen &amp#27;[0m&amp#27;[32mUser enters &amp#27;[0m&amp#27;[32m&amp#27;[1m"SFO"&amp#27;[0m&amp#27;[32m and &amp#27;[0m&amp#27;[32m&amp#27;[1m"London-CBG"&amp#27;[0m&amp#27;[32m cities&amp#27;[0m                                   &amp#27;[90m# stepDefinitions.SearchFlightPageSteps.user_enters_origin_and_destination_cities(java.lang.String,java.lang.String)&amp#27;[0m
2023-04 
  &amp#27;[32mAnd &amp#27;[0m&amp#27;[32mUser selects departure and return dates&amp#27;[0m                                      &amp#27;[90m# stepDefinitions.SearchFlightPageSteps.select_departure_and_return_dates(io.cucumber.datatable.DataTable)&amp#27;[0m
    | departure  | return     |
    | 2023-03-13 | 2023-04-15 |
compare chcekbox>>>>>> 1
javascriptUncheckBox() :false
  &amp#27;[32mThen &amp#27;[0m&amp#27;[32mClick Search&amp#27;[0m                                                                &amp#27;[90m# stepDefinitions.SearchFlightPageSteps.click_search()&amp#27;[0m
windows: CDwindow-D8CCEFCABF4C14EC959354B342295533
Step DONE>> User selects a flight from the results!!
  &amp#27;[32mWhen &amp#27;[0m&amp#27;[32mUser selects a flight from the results&amp#27;[0m                                      &amp#27;[90m# stepDefinitions.SearchFlightPageSteps.user_selects_a_flight_from_the_results()&amp#27;[0m
from city SFO
validate origin airport : San Francisco - SFO
Step DONE>> Validate Origin airport is  same as the one entered in the main screen
  &amp#27;[32mThen &amp#27;[0m&amp#27;[32mValidate Origin airport is  same as the one entered in the main screen&amp#27;[0m      &amp#27;[90m# stepDefinitions.SearchFlightPageSteps.validate_origin_airport_is_same_as_the_one_entered_in_the_main_screen()&amp#27;[0m
 toCity : London
validate destination airport : London Heathrow - LHR
Step DONE>> Validate Destination airport is  same as the one entered in the main screen
  &amp#27;[32mThen &amp#27;[0m&amp#27;[32mValidate  Destination airport is same as the one entered in the main screen&amp#27;[0m &amp#27;[90m# stepDefinitions.SearchFlightPageSteps.validate_destination_airport_is_same_as_the_one_entered_in_the_main_screen()&amp#27;[0m
Departs: Mon, Mar 13
Before formatting From  :2023-03-13 Depart Date : Mon, Mar 13
dateFormat()Mon Mar 13 00:00:00 PDT 2023
after formatting From  :Mon Mar 13 00:00:00 PDT 2023 Depart Date : Mon Mar 13
Step DONE>> Validate departure date is  same as the one entered in the main screen
  &amp#27;[32mThen &amp#27;[0m&amp#27;[32mValidate departure date is same as the one entered in the main screen&amp#27;[0m       &amp#27;[90m# stepDefinitions.SearchFlightPageSteps.validate_departure_date_is_same_as_the_one_entered_in_the_main_screen()&amp#27;[0m
Arrives :Sat, Apr 15
Before formatting From  :2023-04-15 Depart Date : Sat, Apr 15
dateFormat()Sat Apr 15 00:00:00 PDT 2023
after formatting From  :Sat Apr 15 00:00:00 PDT 2023 Depart Date : Sat Apr 15
Step DONE>> Validate arrival date is  same as the one entered in the main screen
  &amp#27;[32mThen &amp#27;[0m&amp#27;[32mValidate arrival date is same as the one entered in the main screen&amp#27;[0m         &amp#27;[90m# stepDefinitions.SearchFlightPageSteps.validate_arrival_date_is_same_as_the_one_entered_in_the_main_screen()&amp#27;[0m
Connecting flights :2
 WebElemtn :United Airlines 930
8:05 pm
San Francisco (SFO)
10h 30m
Overnight flight
1:35 pm
London Heathrow (LHR)
Arrives Tue, Mar 14
Basic Economy
Boeing 787-9 Dreamliner (Wide-body jet)
 WebElemtn :United Airlines 939
2:10 pm
London Heathrow (LHR)
10h 55m
5:05 pm
San Francisco (SFO)
Basic Economy
Boeing 787-9 Dreamliner (Wide-body jet)
Step DONE>> log all the flight details to the reports
  &amp#27;[32mThen &amp#27;[0m&amp#27;[32mlog all the flight details to the reports&amp#27;[0m                                   &amp#27;[90m# stepDefinitions.SearchFlightPageSteps.log_all_the_flight_details_to_the_reports()&amp#27;[0m
**************After SCenario ********

    United Airlines 930


    8:05 pm


    San Francisco (SFO)


    10h 30m


    Overnight flight


    1:35 pm


    London Heathrow (LHR)


    Arrives Tue, Mar 14


    Basic Economy


    Boeing 787-9 Dreamliner (Wide-body jet)


    ***********


    United Airlines 939


    2:10 pm


    London Heathrow (LHR)


    10h 55m


    5:05 pm


    San Francisco (SFO)


    Basic Economy


    Boeing 787-9 Dreamliner (Wide-body jet)


    ***********

]]></system-out>
    <system-err><![CDATA[Starting ChromeDriver 110.0.5481.77 (65ed616c6e8ee3fe0ad64fe83796c020644d42af-refs/branch-heads/5481@{#839}) on port 42616
Only local connections are allowed.
Please see https://chromedriver.chromium.org/security-considerations for suggestions on keeping ChromeDriver safe.
ChromeDriver was started successfully.
[1677314545.558][WARNING]: virtual void DevToolsClientImpl::AddListener(DevToolsEventListener *) subscribing a listener to the already connected DevToolsClient. Connection notification will not arrive.
Feb 25, 2023 12:42:25 AM org.openqa.selenium.devtools.CdpVersionFinder findNearestMatch
WARNING: Unable to find an exact match for CDP version 110, so returning the closest version found: 108
No popup showed
]]></system-err>
  </testcase>
  <testcase name="runScenario[&quot;Search the flights&quot;, &quot;Automate Kayak Website&quot;](3)" classname="runner.TestRunner" time="17.555">
    <system-out><![CDATA[
Scenario Outline: Search the flights                                               &amp#27;[90m# Features/SearchFlight.feature:23&amp#27;[0m
  &amp#27;[32mGiven &amp#27;[0m&amp#27;[32mThe &amp#27;[0m&amp#27;[32m&amp#27;[1m"chrome"&amp#27;[0m&amp#27;[32m browser is open&amp#27;[0m                                               &amp#27;[90m# stepDefinitions.SearchFlightPageSteps.the_browser_is_open(java.lang.String)&amp#27;[0m
  &amp#27;[32mAnd &amp#27;[0m&amp#27;[32mUser enters website &amp#27;[0m&amp#27;[32m&amp#27;[1m"http://www.kayak.com"&amp#27;[0m                                   &amp#27;[90m# stepDefinitions.SearchFlightPageSteps.user_enters_website(java.lang.String)&amp#27;[0m
  &amp#27;[32mThen &amp#27;[0m&amp#27;[32mthe webpage should load&amp#27;[0m                                                     &amp#27;[90m# stepDefinitions.SearchFlightPageSteps.the_webpage_should_load()&amp#27;[0m
5 San Jose
*
*
matching airport found: San Jose
  &amp#27;[32mWhen &amp#27;[0m&amp#27;[32mUser enters &amp#27;[0m&amp#27;[32m&amp#27;[1m"SFO-San Jose"&amp#27;[0m&amp#27;[32m and &amp#27;[0m&amp#27;[32m&amp#27;[1m"BOM"&amp#27;[0m&amp#27;[32m cities&amp#27;[0m                                 &amp#27;[90m# stepDefinitions.SearchFlightPageSteps.user_enters_origin_and_destination_cities(java.lang.String,java.lang.String)&amp#27;[0m
2023-04 
  &amp#27;[32mAnd &amp#27;[0m&amp#27;[32mUser selects departure and return dates&amp#27;[0m                                      &amp#27;[90m# stepDefinitions.SearchFlightPageSteps.select_departure_and_return_dates(io.cucumber.datatable.DataTable)&amp#27;[0m
    | departure  | return     |
    | 2023-03-13 | 2023-04-15 |
compare chcekbox>>>>>> 1
javascriptUncheckBox() :false
  &amp#27;[32mThen &amp#27;[0m&amp#27;[32mClick Search&amp#27;[0m                                                                &amp#27;[90m# stepDefinitions.SearchFlightPageSteps.click_search()&amp#27;[0m
windows: CDwindow-3774B3460CBC936620A43540BBB154BC
Step DONE>> User selects a flight from the results!!
  &amp#27;[32mWhen &amp#27;[0m&amp#27;[32mUser selects a flight from the results&amp#27;[0m                                      &amp#27;[90m# stepDefinitions.SearchFlightPageSteps.user_selects_a_flight_from_the_results()&amp#27;[0m
from city SFO
validate origin airport : San Francisco - SFO
Step DONE>> Validate Origin airport is  same as the one entered in the main screen
  &amp#27;[32mThen &amp#27;[0m&amp#27;[32mValidate Origin airport is  same as the one entered in the main screen&amp#27;[0m      &amp#27;[90m# stepDefinitions.SearchFlightPageSteps.validate_origin_airport_is_same_as_the_one_entered_in_the_main_screen()&amp#27;[0m
 toCity : BOM
validate destination airport : Mumbai Chhatrapati Shivaji Intl - BOM
Step DONE>> Validate Destination airport is  same as the one entered in the main screen
  &amp#27;[32mThen &amp#27;[0m&amp#27;[32mValidate  Destination airport is same as the one entered in the main screen&amp#27;[0m &amp#27;[90m# stepDefinitions.SearchFlightPageSteps.validate_destination_airport_is_same_as_the_one_entered_in_the_main_screen()&amp#27;[0m
Departs: Mon, Mar 13
Before formatting From  :2023-03-13 Depart Date : Mon, Mar 13
dateFormat()Mon Mar 13 00:00:00 PDT 2023
after formatting From  :Mon Mar 13 00:00:00 PDT 2023 Depart Date : Mon Mar 13
Step DONE>> Validate departure date is  same as the one entered in the main screen
  &amp#27;[32mThen &amp#27;[0m&amp#27;[32mValidate departure date is same as the one entered in the main screen&amp#27;[0m       &amp#27;[90m# stepDefinitions.SearchFlightPageSteps.validate_departure_date_is_same_as_the_one_entered_in_the_main_screen()&amp#27;[0m
Arrives :Sat, Apr 15
Before formatting From  :2023-04-15 Depart Date : Sat, Apr 15
dateFormat()Sat Apr 15 00:00:00 PDT 2023
after formatting From  :Sat Apr 15 00:00:00 PDT 2023 Depart Date : Sat Apr 15
Step DONE>> Validate arrival date is  same as the one entered in the main screen
  &amp#27;[32mThen &amp#27;[0m&amp#27;[32mValidate arrival date is same as the one entered in the main screen&amp#27;[0m         &amp#27;[90m# stepDefinitions.SearchFlightPageSteps.validate_arrival_date_is_same_as_the_one_entered_in_the_main_screen()&amp#27;[0m
Connecting flights :3
 WebElemtn :Air India 174
10:30 am
San Francisco (SFO)
16h 15m
3:15 pm
New Delhi Indira Gandhi Intl (DEL)
Arrives Tue, Mar 14
Economy
Boeing 777-200LR
2h 35m
•
Change planes in New Delhi (DEL)
 WebElemtn :Air India 441
5:50 pm
New Delhi Indira Gandhi Intl (DEL)
2h 25m
8:15 pm
Mumbai Chhatrapati Shivaji Intl (BOM)
Economy
Airbus A320neo
 WebElemtn :Air India 179
2:30 pm
Mumbai Chhatrapati Shivaji Intl (BOM)
16h 00m
Overnight flight
6:00 pm
San Francisco (SFO)
Economy
Boeing 777-200LR
Step DONE>> log all the flight details to the reports
  &amp#27;[32mThen &amp#27;[0m&amp#27;[32mlog all the flight details to the reports&amp#27;[0m                                   &amp#27;[90m# stepDefinitions.SearchFlightPageSteps.log_all_the_flight_details_to_the_reports()&amp#27;[0m
**************After SCenario ********

    Air India 174


    10:30 am


    San Francisco (SFO)


    16h 15m


    3:15 pm


    New Delhi Indira Gandhi Intl (DEL)


    Arrives Tue, Mar 14


    Economy


    Boeing 777-200LR


    2h 35m


    •


    Change planes in New Delhi (DEL)


    ***********


    Air India 441


    5:50 pm


    New Delhi Indira Gandhi Intl (DEL)


    2h 25m


    8:15 pm


    Mumbai Chhatrapati Shivaji Intl (BOM)


    Economy


    Airbus A320neo


    ***********


    Air India 179


    2:30 pm


    Mumbai Chhatrapati Shivaji Intl (BOM)


    16h 00m


    Overnight flight


    6:00 pm


    San Francisco (SFO)


    Economy


    Boeing 777-200LR


    ***********

]]></system-out>
    <system-err><![CDATA[Starting ChromeDriver 110.0.5481.77 (65ed616c6e8ee3fe0ad64fe83796c020644d42af-refs/branch-heads/5481@{#839}) on port 19398
Only local connections are allowed.
Please see https://chromedriver.chromium.org/security-considerations for suggestions on keeping ChromeDriver safe.
ChromeDriver was started successfully.
[1677314563.520][WARNING]: virtual void DevToolsClientImpl::AddListener(DevToolsEventListener *) subscribing a listener to the already connected DevToolsClient. Connection notification will not arrive.
Feb 25, 2023 12:42:43 AM org.openqa.selenium.devtools.CdpVersionFinder findNearestMatch
WARNING: Unable to find an exact match for CDP version 110, so returning the closest version found: 108
No popup showed
]]></system-err>
  </testcase>
</testsuite>