<?xml version="1.0" encoding="UTF-8"?>
<!-- Generated by org.testng.reporters.JUnitReportReporter -->
<testsuite hostname="Gayatri-LP" failures="0" tests="3" name="runner.TestRunner" time="51.109" errors="0" timestamp="2023-02-22T11:49:47 PST" skipped="0">
  <testcase classname="runner.TestRunner" name="runScenario" time="18.028"/>
  <system-out/>
  <testcase classname="runner.TestRunner" name="runScenario" time="12.532"/>
  <system-out/>
  <testcase classname="runner.TestRunner" name="runScenario" time="20.549"/>
  <system-out/>
</testsuite> <!-- runner.TestRunner -->
