<?xml version="1.0" encoding="UTF-8"?>
<!-- Generated by org.testng.reporters.JUnitReportReporter -->
<testsuite hostname="Gayatri-LP" failures="0" tests="3" name="runner.TestRunner" time="48.750" errors="0" timestamp="2023-02-25T00:43:02 PST" skipped="0">
  <testcase classname="runner.TestRunner" name="runScenario" time="17.550"/>
  <system-out/>
  <testcase classname="runner.TestRunner" name="runScenario" time="18.114"/>
  <system-out/>
  <testcase classname="runner.TestRunner" name="runScenario" time="13.086"/>
  <system-out/>
</testsuite> <!-- runner.TestRunner -->
